<?xml version="1.0" encoding="UTF-8"?>
<test-results name="jest results" date="2019-05-06" time="12:40:23" invalid="0" ignored="0" inconclusive="0" not-run="0" errors="0" total="23" failures="0" skipped="0">
  <environment nunit-version="na" clr-version="na" os-version="10.0.14393" platform="win32" cwd="C:\Dev\integration-widget-template" user="na" user-domain="na" machine-name="DP-J2P6RG2"/>
  <culture-info current-culture="na" current-uiculture="na"/>
  <test-suite name="C:\Dev\integration-widget-template\app\templates\Table\Table.test.tsx" time="1.064" executed="True" success="True" result="Success" type="TestFixture">
    <results>
      <test-case name="Widget Table Table has the good amount of columns" executed="True" result="Success" time="0">
      </test-case>
      <test-case name="Widget Table Table has the good amount of line" executed="True" result="Success" time="0">
      </test-case>
      <test-case name="Widget Table Check Tag type has the good css class" executed="True" result="Success" time="0">
      </test-case>
      <test-case name="Widget Table Check Date type has the good css class" executed="True" result="Success" time="0">
      </test-case>
      <test-case name="Widget Table Check Text type has the good css class" executed="True" result="Success" time="0">
      </test-case>
      <test-case name="Widget Table Check active Status type has the good css class" executed="True" result="Success" time="0">
      </test-case>
      <test-case name="Widget Table Check pending Status type has the good css class" executed="True" result="Success" time="0">
      </test-case>
      <test-case name="Widget Table Check inactive Status type has the good css class" executed="True" result="Success" time="0">
      </test-case>
    </results>
  </test-suite>
  <test-suite name="C:\Dev\integration-widget-template\app\templates\PieCharts\PieCharts.test.tsx" time="1.054" executed="True" success="True" result="Success" type="TestFixture">
    <results>
      <test-case name="Widget PieCharts Check if PieCharts has the good title displayed" executed="True" result="Success" time="0">
      </test-case>
      <test-case name="Widget PieCharts Check if PieCharts has the good period displayed" executed="True" result="Success" time="0">
      </test-case>
    </results>
  </test-suite>
  <test-suite name="C:\Dev\integration-widget-template\app\templates\List\List.test.tsx" time="1.077" executed="True" success="True" result="Success" type="TestFixture">
    <results>
      <test-case name="Widget List With showPicture = true, Check if urlPicture is null/empty, show default icon" executed="True" result="Success" time="0">
      </test-case>
      <test-case name="Widget List With showPicture = true, Check if urlPicture is not null/empty, show image" executed="True" result="Success" time="0">
      </test-case>
      <test-case name="Widget List With showPicture = false, Check if urlPicture or icon is not display" executed="True" result="Success" time="0">
      </test-case>
      <test-case name="Widget List With showDetail = true, Check if detail validated is displayed with the right color" executed="True" result="Success" time="0">
      </test-case>
      <test-case name="Widget List With showDetail = true, Check if detail canceled is displayed with the right color" executed="True" result="Success" time="0">
      </test-case>
    </results>
  </test-suite>
  <test-suite name="C:\Dev\integration-widget-template\tests\widget.test.tsx" time="1.16" executed="True" success="True" result="Success" type="TestFixture">
    <results>
      <test-case name="Widget Display table with good columns" executed="True" result="Success" time="0">
      </test-case>
    </results>
  </test-suite>
  <test-suite name="C:\Dev\integration-widget-template\app\templates\List-Enlarged\List-Enlarged.test.tsx" time="2.706" executed="True" success="True" result="Success" type="TestFixture">
    <results>
      <test-case name="Widget ListEnlarged With showPicture = true, Check if urlPicture is null/empty, show default icon" executed="True" result="Success" time="0">
      </test-case>
      <test-case name="Widget ListEnlarged With showPicture = true, Check if urlPicture is not null/empty, show image" executed="True" result="Success" time="0">
      </test-case>
      <test-case name="Widget ListEnlarged With showPicture = false, Check if urlPicture or icon is not display" executed="True" result="Success" time="0">
      </test-case>
      <test-case name="Widget ListEnlarged With showStatus = true, Check if detail validated is displayed with the right color" executed="True" result="Success" time="0">
      </test-case>
      <test-case name="Widget ListEnlarged With showStatus = true, Check if detail canceled is displayed with the right color" executed="True" result="Success" time="0">
      </test-case>
      <test-case name="Widget ListEnlarged Check if the right detail selected is displayed from the selection in the left list" executed="True" result="Success" time="0">
      </test-case>
      <test-case name="Widget ListEnlarged Check if element in left list is selected when resize widget" executed="True" result="Success" time="0">
      </test-case>
    </results>
  </test-suite>
</test-results>